#
# A fatal error has been detected by the Java Runtime Environment:
#
#  SIGSEGV (0xb) at pc=0x00007fceb5df8d74, pid=96926, tid=96926
#
# JRE version: OpenJDK Runtime Environment (17.0.3+7) (build 17.0.3+7)
# Java VM: OpenJDK 64-Bit Server VM (17.0.3+7, mixed mode, tiered, compressed oops, compressed class ptrs, g1 gc, linux-amd64)
# Problematic frame:
# V  [libjvm.so+0x28ad74]
#
# Core dump will be written. Default location: Core dumps may be processed with "/usr/lib/systemd/systemd-coredump %P %u %g %s %t %c %h" (or dumping to /home/robin/Documents/Polytech/S6/OS/TD10/td10/core.96926)
#
# If you would like to submit a bug report, please visit:
#   https://bugreport.java.com/bugreport/crash.jsp
#

---------------  S U M M A R Y ------------

Command Line: 

Host: Intel(R) Core(TM) i7-8750H CPU @ 2.20GHz, 12 cores, 15G, EndeavourOS Linux
Time: Tue May  3 00:29:59 2022 CEST elapsed time: 0.087929 seconds (0d 0h 0m 0s)

---------------  T H R E A D  ---------------

Current thread (0x000055cd6f7804d0):  JavaThread "main" [_thread_in_vm, id=96926, stack(0x00007ffd5e9f2000,0x00007ffd5eaf2000)]

Stack: [0x00007ffd5e9f2000,0x00007ffd5eaf2000],  sp=0x00007ffd5eaef5b8,  free space=1013k
Native frames: (J=compiled Java code, j=interpreted, Vv=VM code, C=native code)
V  [libjvm.so+0x28ad74]
V  [libjvm.so+0x8d328c]
C  [sourour.exe+0x12f4]  JNIEnv_::GetStaticMethodID(_jclass*, char const*, char const*)+0x3c
C  [sourour.exe+0x120f]  main+0xa6


siginfo: si_signo: 11 (SIGSEGV), si_code: 1 (SEGV_MAPERR), si_addr: 0x0000000000000000

Register to memory mapping:

RAX=0x00007fce85c655c8 points into unknown readable memory: 0x5b280016928affff | ff ff 8a 92 16 00 28 5b
RBX=0x000055cd6e216034: <offset 0x0000000000002034> in ./sourour.exe at 0x000055cd6e214000
RCX=0x0 is NULL
RDX=0x0000000000000064 is an unknown value
RSP=0x00007ffd5eaef5b8 is pointing into the stack for thread: 0x000055cd6f7804d0
RBP=0x00007ffd5eaef750 is pointing into the stack for thread: 0x000055cd6f7804d0
RSI=0x000055cd6e21601d: <offset 0x000000000000201d> in ./sourour.exe at 0x000055cd6e214000
RDI=0x0 is NULL
R8 =0x000055cd6f7804d0 is a thread
R9 =0x0 is NULL
R10=0x0 is NULL
R11=0x000000000000000a is an unknown value
R12=0x00007fce85c655c8 points into unknown readable memory: 0x5b280016928affff | ff ff 8a 92 16 00 28 5b
R13=0x00007fce85c62cc8 points into unknown readable memory: 0x616d000464b9ffff | ff ff b9 64 04 00 6d 61
R14=0x000055cd6f7804d0 is a thread
R15=0x000055cd6e21601d: <offset 0x000000000000201d> in ./sourour.exe at 0x000055cd6e214000


Registers:
RAX=0x00007fce85c655c8, RBX=0x000055cd6e216034, RCX=0x0000000000000000, RDX=0x0000000000000064
RSP=0x00007ffd5eaef5b8, RBP=0x00007ffd5eaef750, RSI=0x000055cd6e21601d, RDI=0x0000000000000000
R8 =0x000055cd6f7804d0, R9 =0x0000000000000000, R10=0x0000000000000000, R11=0x000000000000000a
R12=0x00007fce85c655c8, R13=0x00007fce85c62cc8, R14=0x000055cd6f7804d0, R15=0x000055cd6e21601d
RIP=0x00007fceb5df8d74, EFLAGS=0x0000000000010246, CSGSFS=0x002b000000000033, ERR=0x0000000000000004
  TRAPNO=0x000000000000000e

Top of Stack: (sp=0x00007ffd5eaef5b8)
0x00007ffd5eaef5b8:   00007fceb6440df7 000055cd6f780ed8
0x00007ffd5eaef5c8:   000000016f7804d0 0000000000000000
0x00007ffd5eaef5d8:   00007ffd5eaef5e0 000055cd3231c38a
0x00007ffd5eaef5e8:   00007fce85c60630 00007fceb6ba50d0 

Instructions: (pc=0x00007fceb5df8d74)
0x00007fceb5df8c74:   89 c7 48 89 7b e0 48 83 c4 18 5b 41 5c 41 5d 41
0x00007fceb5df8c84:   5e 41 5f 5d c3 0f 1f 80 00 00 00 00 49 8b 44 24
0x00007fceb5df8c94:   20 4c 89 45 c8 4c 89 e7 48 8d 58 10 67 e8 ba d4
0x00007fceb5df8ca4:   44 00 4c 8b 45 c8 48 39 c3 75 8f 48 8b 45 18 4d
0x00007fceb5df8cb4:   63 ed 4c 89 e7 48 8b 00 4a 8d 34 e8 67 e8 aa d4
0x00007fceb5df8cc4:   44 00 4c 8b 45 c8 e9 6f ff ff ff 90 f3 0f 1e fa
0x00007fceb5df8cd4:   83 ef 04 83 ff 0a 77 14 48 8d 05 7d 38 d1 00 8b
0x00007fceb5df8ce4:   04 b8 c3 66 0f 1f 84 00 00 00 00 00 48 8d 05 51
0x00007fceb5df8cf4:   06 05 01 55 be 9c 00 00 00 48 8d 3d 2c 38 d1 00
0x00007fceb5df8d04:   48 8b 00 48 89 e5 c6 00 58 67 e8 dd a8 38 00 67
0x00007fceb5df8d14:   e8 67 54 9b 00 31 c0 5d c3 90 66 90 f3 0f 1e fa
0x00007fceb5df8d24:   48 8b 47 08 0f b7 50 28 0f b7 40 2a 8d 44 02 19
0x00007fceb5df8d34:   c3 66 2e 0f 1f 84 00 00 00 00 00 90 f3 0f 1e fa
0x00007fceb5df8d44:   8b 47 08 c1 f8 03 c3 0f 1f 44 00 00 f3 0f 1e fa
0x00007fceb5df8d54:   48 8b 07 c3 0f 1f 84 00 00 00 00 00 f3 0f 1e fa
0x00007fceb5df8d64:   48 8b 07 c3 0f 1f 84 00 00 00 00 00 f3 0f 1e fa
0x00007fceb5df8d74:   48 8b 07 c3 0f 1f 84 00 00 00 00 00 f3 0f 1e fa
0x00007fceb5df8d84:   48 8b 07 c3 0f 1f 84 00 00 00 00 00 f3 0f 1e fa
0x00007fceb5df8d94:   48 8b 07 c3 0f 1f 84 00 00 00 00 00 f3 0f 1e fa
0x00007fceb5df8da4:   48 8b 07 c3 0f 1f 84 00 00 00 00 00 f3 0f 1e fa
0x00007fceb5df8db4:   55 48 89 e5 41 55 41 54 53 48 83 ec 08 48 8b 1f
0x00007fceb5df8dc4:   4c 8d 2d 35 80 0d 01 48 89 da 49 23 55 00 48 89
0x00007fceb5df8dd4:   d8 75 11 48 83 c4 08 5b 41 5c 41 5d 5d c3 66 0f
0x00007fceb5df8de4:   1f 44 00 00 49 89 fc 48 89 df 67 e8 4c 98 cc 00
0x00007fceb5df8df4:   48 89 c2 48 85 c0 74 05 4d 85 e4 75 15 48 83 c4
0x00007fceb5df8e04:   08 48 89 d0 5b 41 5c 41 5d 5d c3 90 49 23 45 00
0x00007fceb5df8e14:   74 eb 48 89 d9 48 89 d8 f0 49 0f b1 14 24 48 89
0x00007fceb5df8e24:   c3 48 39 c8 75 e6 eb d5 0f 1f 40 00 f3 0f 1e fa
0x00007fceb5df8e34:   55 48 89 e5 41 54 49 89 fc 48 83 ec 08 48 8d 05
0x00007fceb5df8e44:   c8 51 08 01 48 8d 15 9f 71 09 01 48 8b 00 80 3a
0x00007fceb5df8e54:   00 8b 40 10 74 1e 83 f8 05 0f 87 d9 00 00 00 48
0x00007fceb5df8e64:   8d 15 4a 36 d1 00 48 63 04 82 48 01 d0 3e ff e0 


Stack slot to memory mapping:
stack at sp + 0 slots: 0x00007fceb6440df7: <offset 0x00000000008d2df7> in /usr/lib/jvm/java-17-openjdk/lib/server/libjvm.so at 0x00007fceb5b6e000
stack at sp + 1 slots: 0x000055cd6f780ed8 points into unknown readable memory: 0x0000000717960030 | 30 00 96 17 07 00 00 00
stack at sp + 2 slots: 0x000000016f7804d0 is an unknown value
stack at sp + 3 slots: 0x0 is NULL
stack at sp + 4 slots: 0x00007ffd5eaef5e0 is pointing into the stack for thread: 0x000055cd6f7804d0
stack at sp + 5 slots: 0x000055cd3231c38a is an unknown value
stack at sp + 6 slots: 0x00007fce85c60630 points into unknown readable memory: 0x616a001e7171ffff | ff ff 71 71 1e 00 6a 61
stack at sp + 7 slots: 0x00007fceb6ba50d0: <offset 0x00000000010370d0> in /usr/lib/jvm/java-17-openjdk/lib/server/libjvm.so at 0x00007fceb5b6e000


---------------  P R O C E S S  ---------------

Threads class SMR info:
_java_thread_list=0x000055cd6fa0be10, length=10, elements={
0x000055cd6f7804d0, 0x000055cd6f94d0e0, 0x000055cd6f94e6f0, 0x000055cd6f973660,
0x000055cd6f974a10, 0x000055cd6f975e20, 0x000055cd6f9777d0, 0x000055cd6f978cb0,
0x000055cd6f97a120, 0x000055cd6fa0ae20
}

Java Threads: ( => current thread )
=>0x000055cd6f7804d0 JavaThread "main" [_thread_in_vm, id=96926, stack(0x00007ffd5e9f2000,0x00007ffd5eaf2000)]
  0x000055cd6f94d0e0 JavaThread "Reference Handler" daemon [_thread_blocked, id=96933, stack(0x00007fce8590b000,0x00007fce85a0b000)]
  0x000055cd6f94e6f0 JavaThread "Finalizer" daemon [_thread_blocked, id=96934, stack(0x00007fce8580b000,0x00007fce8590b000)]
  0x000055cd6f973660 JavaThread "Signal Dispatcher" daemon [_thread_blocked, id=96935, stack(0x00007fce84c16000,0x00007fce84d16000)]
  0x000055cd6f974a10 JavaThread "Service Thread" daemon [_thread_blocked, id=96936, stack(0x00007fce84b16000,0x00007fce84c16000)]
  0x000055cd6f975e20 JavaThread "Monitor Deflation Thread" daemon [_thread_blocked, id=96937, stack(0x00007fce84a16000,0x00007fce84b16000)]
  0x000055cd6f9777d0 JavaThread "C2 CompilerThread0" daemon [_thread_blocked, id=96938, stack(0x00007fce84916000,0x00007fce84a16000)]
  0x000055cd6f978cb0 JavaThread "C1 CompilerThread0" daemon [_thread_blocked, id=96939, stack(0x00007fce84816000,0x00007fce84916000)]
  0x000055cd6f97a120 JavaThread "Sweeper thread" daemon [_thread_blocked, id=96940, stack(0x00007fce84716000,0x00007fce84816000)]
  0x000055cd6fa0ae20 JavaThread "Notification Thread" daemon [_thread_blocked, id=96941, stack(0x00007fce84616000,0x00007fce84716000)]

Other Threads:
  0x000055cd6f93ddd0 VMThread "VM Thread" [stack: 0x00007fce85a0d000,0x00007fce85b0d000] [id=96932]
  0x000055cd6fa0c7a0 WatcherThread [stack: 0x00007fce84516000,0x00007fce84616000] [id=96942]
  0x000055cd6f7ec0c0 GCTaskThread "GC Thread#0" [stack: 0x00007fce94b26000,0x00007fce94c26000] [id=96927]
  0x000055cd6f7fce20 ConcurrentGCThread "G1 Main Marker" [stack: 0x00007fce94a24000,0x00007fce94b24000] [id=96928]
  0x000055cd6f7fdd80 ConcurrentGCThread "G1 Conc#0" [stack: 0x00007fce94922000,0x00007fce94a22000] [id=96929]
  0x000055cd6f8ba060 ConcurrentGCThread "G1 Refine#0" [stack: 0x00007fce85dff000,0x00007fce85eff000] [id=96930]
  0x000055cd6f8baf50 ConcurrentGCThread "G1 Service" [stack: 0x00007fce85cfd000,0x00007fce85dfd000] [id=96931]

Threads with active compile tasks:

VM state: not at safepoint (normal execution)

VM Mutex/Monitor currently owned by a thread: None

Heap address: 0x0000000708200000, size: 3966 MB, Compressed Oops mode: Zero based, Oop shift amount: 3

CDS archive(s) not mapped
Compressed class space mapped at: 0x0000000800000000-0x0000000840000000, reserved size: 1073741824
Narrow klass base: 0x0000000800000000, Narrow klass shift: 0, Narrow klass range: 0x40000000

GC Precious Log:
 CPUs: 12 total, 12 available
 Memory: 15857M
 Large Page Support: Disabled
 NUMA Support: Disabled
 Compressed Oops: Enabled (Zero based)
 Heap Region Size: 2M
 Heap Min Capacity: 8M
 Heap Initial Capacity: 248M
 Heap Max Capacity: 3966M
 Pre-touch: Disabled
 Parallel Workers: 10
 Concurrent Workers: 3
 Concurrent Refinement Workers: 10
 Periodic GC: Disabled

Heap:
 garbage-first heap   total 253952K, used 0K [0x0000000708200000, 0x0000000800000000)
  region size 2048K, 1 young (2048K), 0 survivors (0K)
 Metaspace       used 3450K, committed 3520K, reserved 1056768K
  class space    used 270K, committed 320K, reserved 1048576K

Heap Regions: E=young(eden), S=young(survivor), O=old, HS=humongous(starts), HC=humongous(continues), CS=collection set, F=free, OA=open archive, CA=closed archive, TAMS=top-at-mark-start (previous, next)
|   0|0x0000000708200000, 0x0000000708200000, 0x0000000708400000|  0%| F|  |TAMS 0x0000000708200000, 0x0000000708200000| Untracked 
|   1|0x0000000708400000, 0x0000000708400000, 0x0000000708600000|  0%| F|  |TAMS 0x0000000708400000, 0x0000000708400000| Untracked 
|   2|0x0000000708600000, 0x0000000708600000, 0x0000000708800000|  0%| F|  |TAMS 0x0000000708600000, 0x0000000708600000| Untracked 
|   3|0x0000000708800000, 0x0000000708800000, 0x0000000708a00000|  0%| F|  |TAMS 0x0000000708800000, 0x0000000708800000| Untracked 
|   4|0x0000000708a00000, 0x0000000708a00000, 0x0000000708c00000|  0%| F|  |TAMS 0x0000000708a00000, 0x0000000708a00000| Untracked 
|   5|0x0000000708c00000, 0x0000000708c00000, 0x0000000708e00000|  0%| F|  |TAMS 0x0000000708c00000, 0x0000000708c00000| Untracked 
|   6|0x0000000708e00000, 0x0000000708e00000, 0x0000000709000000|  0%| F|  |TAMS 0x0000000708e00000, 0x0000000708e00000| Untracked 
|   7|0x0000000709000000, 0x0000000709000000, 0x0000000709200000|  0%| F|  |TAMS 0x0000000709000000, 0x0000000709000000| Untracked 
|   8|0x0000000709200000, 0x0000000709200000, 0x0000000709400000|  0%| F|  |TAMS 0x0000000709200000, 0x0000000709200000| Untracked 
|   9|0x0000000709400000, 0x0000000709400000, 0x0000000709600000|  0%| F|  |TAMS 0x0000000709400000, 0x0000000709400000| Untracked 
|  10|0x0000000709600000, 0x0000000709600000, 0x0000000709800000|  0%| F|  |TAMS 0x0000000709600000, 0x0000000709600000| Untracked 
|  11|0x0000000709800000, 0x0000000709800000, 0x0000000709a00000|  0%| F|  |TAMS 0x0000000709800000, 0x0000000709800000| Untracked 
|  12|0x0000000709a00000, 0x0000000709a00000, 0x0000000709c00000|  0%| F|  |TAMS 0x0000000709a00000, 0x0000000709a00000| Untracked 
|  13|0x0000000709c00000, 0x0000000709c00000, 0x0000000709e00000|  0%| F|  |TAMS 0x0000000709c00000, 0x0000000709c00000| Untracked 
|  14|0x0000000709e00000, 0x0000000709e00000, 0x000000070a000000|  0%| F|  |TAMS 0x0000000709e00000, 0x0000000709e00000| Untracked 
|  15|0x000000070a000000, 0x000000070a000000, 0x000000070a200000|  0%| F|  |TAMS 0x000000070a000000, 0x000000070a000000| Untracked 
|  16|0x000000070a200000, 0x000000070a200000, 0x000000070a400000|  0%| F|  |TAMS 0x000000070a200000, 0x000000070a200000| Untracked 
|  17|0x000000070a400000, 0x000000070a400000, 0x000000070a600000|  0%| F|  |TAMS 0x000000070a400000, 0x000000070a400000| Untracked 
|  18|0x000000070a600000, 0x000000070a600000, 0x000000070a800000|  0%| F|  |TAMS 0x000000070a600000, 0x000000070a600000| Untracked 
|  19|0x000000070a800000, 0x000000070a800000, 0x000000070aa00000|  0%| F|  |TAMS 0x000000070a800000, 0x000000070a800000| Untracked 
|  20|0x000000070aa00000, 0x000000070aa00000, 0x000000070ac00000|  0%| F|  |TAMS 0x000000070aa00000, 0x000000070aa00000| Untracked 
|  21|0x000000070ac00000, 0x000000070ac00000, 0x000000070ae00000|  0%| F|  |TAMS 0x000000070ac00000, 0x000000070ac00000| Untracked 
|  22|0x000000070ae00000, 0x000000070ae00000, 0x000000070b000000|  0%| F|  |TAMS 0x000000070ae00000, 0x000000070ae00000| Untracked 
|  23|0x000000070b000000, 0x000000070b000000, 0x000000070b200000|  0%| F|  |TAMS 0x000000070b000000, 0x000000070b000000| Untracked 
|  24|0x000000070b200000, 0x000000070b200000, 0x000000070b400000|  0%| F|  |TAMS 0x000000070b200000, 0x000000070b200000| Untracked 
|  25|0x000000070b400000, 0x000000070b400000, 0x000000070b600000|  0%| F|  |TAMS 0x000000070b400000, 0x000000070b400000| Untracked 
|  26|0x000000070b600000, 0x000000070b600000, 0x000000070b800000|  0%| F|  |TAMS 0x000000070b600000, 0x000000070b600000| Untracked 
|  27|0x000000070b800000, 0x000000070b800000, 0x000000070ba00000|  0%| F|  |TAMS 0x000000070b800000, 0x000000070b800000| Untracked 
|  28|0x000000070ba00000, 0x000000070ba00000, 0x000000070bc00000|  0%| F|  |TAMS 0x000000070ba00000, 0x000000070ba00000| Untracked 
|  29|0x000000070bc00000, 0x000000070bc00000, 0x000000070be00000|  0%| F|  |TAMS 0x000000070bc00000, 0x000000070bc00000| Untracked 
|  30|0x000000070be00000, 0x000000070be00000, 0x000000070c000000|  0%| F|  |TAMS 0x000000070be00000, 0x000000070be00000| Untracked 
|  31|0x000000070c000000, 0x000000070c000000, 0x000000070c200000|  0%| F|  |TAMS 0x000000070c000000, 0x000000070c000000| Untracked 
|  32|0x000000070c200000, 0x000000070c200000, 0x000000070c400000|  0%| F|  |TAMS 0x000000070c200000, 0x000000070c200000| Untracked 
|  33|0x000000070c400000, 0x000000070c400000, 0x000000070c600000|  0%| F|  |TAMS 0x000000070c400000, 0x000000070c400000| Untracked 
|  34|0x000000070c600000, 0x000000070c600000, 0x000000070c800000|  0%| F|  |TAMS 0x000000070c600000, 0x000000070c600000| Untracked 
|  35|0x000000070c800000, 0x000000070c800000, 0x000000070ca00000|  0%| F|  |TAMS 0x000000070c800000, 0x000000070c800000| Untracked 
|  36|0x000000070ca00000, 0x000000070ca00000, 0x000000070cc00000|  0%| F|  |TAMS 0x000000070ca00000, 0x000000070ca00000| Untracked 
|  37|0x000000070cc00000, 0x000000070cc00000, 0x000000070ce00000|  0%| F|  |TAMS 0x000000070cc00000, 0x000000070cc00000| Untracked 
|  38|0x000000070ce00000, 0x000000070ce00000, 0x000000070d000000|  0%| F|  |TAMS 0x000000070ce00000, 0x000000070ce00000| Untracked 
|  39|0x000000070d000000, 0x000000070d000000, 0x000000070d200000|  0%| F|  |TAMS 0x000000070d000000, 0x000000070d000000| Untracked 
|  40|0x000000070d200000, 0x000000070d200000, 0x000000070d400000|  0%| F|  |TAMS 0x000000070d200000, 0x000000070d200000| Untracked 
|  41|0x000000070d400000, 0x000000070d400000, 0x000000070d600000|  0%| F|  |TAMS 0x000000070d400000, 0x000000070d400000| Untracked 
|  42|0x000000070d600000, 0x000000070d600000, 0x000000070d800000|  0%| F|  |TAMS 0x000000070d600000, 0x000000070d600000| Untracked 
|  43|0x000000070d800000, 0x000000070d800000, 0x000000070da00000|  0%| F|  |TAMS 0x000000070d800000, 0x000000070d800000| Untracked 
|  44|0x000000070da00000, 0x000000070da00000, 0x000000070dc00000|  0%| F|  |TAMS 0x000000070da00000, 0x000000070da00000| Untracked 
|  45|0x000000070dc00000, 0x000000070dc00000, 0x000000070de00000|  0%| F|  |TAMS 0x000000070dc00000, 0x000000070dc00000| Untracked 
|  46|0x000000070de00000, 0x000000070de00000, 0x000000070e000000|  0%| F|  |TAMS 0x000000070de00000, 0x000000070de00000| Untracked 
|  47|0x000000070e000000, 0x000000070e000000, 0x000000070e200000|  0%| F|  |TAMS 0x000000070e000000, 0x000000070e000000| Untracked 
|  48|0x000000070e200000, 0x000000070e200000, 0x000000070e400000|  0%| F|  |TAMS 0x000000070e200000, 0x000000070e200000| Untracked 
|  49|0x000000070e400000, 0x000000070e400000, 0x000000070e600000|  0%| F|  |TAMS 0x000000070e400000, 0x000000070e400000| Untracked 
|  50|0x000000070e600000, 0x000000070e600000, 0x000000070e800000|  0%| F|  |TAMS 0x000000070e600000, 0x000000070e600000| Untracked 
|  51|0x000000070e800000, 0x000000070e800000, 0x000000070ea00000|  0%| F|  |TAMS 0x000000070e800000, 0x000000070e800000| Untracked 
|  52|0x000000070ea00000, 0x000000070ea00000, 0x000000070ec00000|  0%| F|  |TAMS 0x000000070ea00000, 0x000000070ea00000| Untracked 
|  53|0x000000070ec00000, 0x000000070ec00000, 0x000000070ee00000|  0%| F|  |TAMS 0x000000070ec00000, 0x000000070ec00000| Untracked 
|  54|0x000000070ee00000, 0x000000070ee00000, 0x000000070f000000|  0%| F|  |TAMS 0x000000070ee00000, 0x000000070ee00000| Untracked 
|  55|0x000000070f000000, 0x000000070f000000, 0x000000070f200000|  0%| F|  |TAMS 0x000000070f000000, 0x000000070f000000| Untracked 
|  56|0x000000070f200000, 0x000000070f200000, 0x000000070f400000|  0%| F|  |TAMS 0x000000070f200000, 0x000000070f200000| Untracked 
|  57|0x000000070f400000, 0x000000070f400000, 0x000000070f600000|  0%| F|  |TAMS 0x000000070f400000, 0x000000070f400000| Untracked 
|  58|0x000000070f600000, 0x000000070f600000, 0x000000070f800000|  0%| F|  |TAMS 0x000000070f600000, 0x000000070f600000| Untracked 
|  59|0x000000070f800000, 0x000000070f800000, 0x000000070fa00000|  0%| F|  |TAMS 0x000000070f800000, 0x000000070f800000| Untracked 
|  60|0x000000070fa00000, 0x000000070fa00000, 0x000000070fc00000|  0%| F|  |TAMS 0x000000070fa00000, 0x000000070fa00000| Untracked 
|  61|0x000000070fc00000, 0x000000070fc00000, 0x000000070fe00000|  0%| F|  |TAMS 0x000000070fc00000, 0x000000070fc00000| Untracked 
|  62|0x000000070fe00000, 0x000000070fe00000, 0x0000000710000000|  0%| F|  |TAMS 0x000000070fe00000, 0x000000070fe00000| Untracked 
|  63|0x0000000710000000, 0x0000000710000000, 0x0000000710200000|  0%| F|  |TAMS 0x0000000710000000, 0x0000000710000000| Untracked 
|  64|0x0000000710200000, 0x0000000710200000, 0x0000000710400000|  0%| F|  |TAMS 0x0000000710200000, 0x0000000710200000| Untracked 
|  65|0x0000000710400000, 0x0000000710400000, 0x0000000710600000|  0%| F|  |TAMS 0x0000000710400000, 0x0000000710400000| Untracked 
|  66|0x0000000710600000, 0x0000000710600000, 0x0000000710800000|  0%| F|  |TAMS 0x0000000710600000, 0x0000000710600000| Untracked 
|  67|0x0000000710800000, 0x0000000710800000, 0x0000000710a00000|  0%| F|  |TAMS 0x0000000710800000, 0x0000000710800000| Untracked 
|  68|0x0000000710a00000, 0x0000000710a00000, 0x0000000710c00000|  0%| F|  |TAMS 0x0000000710a00000, 0x0000000710a00000| Untracked 
|  69|0x0000000710c00000, 0x0000000710c00000, 0x0000000710e00000|  0%| F|  |TAMS 0x0000000710c00000, 0x0000000710c00000| Untracked 
|  70|0x0000000710e00000, 0x0000000710e00000, 0x0000000711000000|  0%| F|  |TAMS 0x0000000710e00000, 0x0000000710e00000| Untracked 
|  71|0x0000000711000000, 0x0000000711000000, 0x0000000711200000|  0%| F|  |TAMS 0x0000000711000000, 0x0000000711000000| Untracked 
|  72|0x0000000711200000, 0x0000000711200000, 0x0000000711400000|  0%| F|  |TAMS 0x0000000711200000, 0x0000000711200000| Untracked 
|  73|0x0000000711400000, 0x0000000711400000, 0x0000000711600000|  0%| F|  |TAMS 0x0000000711400000, 0x0000000711400000| Untracked 
|  74|0x0000000711600000, 0x0000000711600000, 0x0000000711800000|  0%| F|  |TAMS 0x0000000711600000, 0x0000000711600000| Untracked 
|  75|0x0000000711800000, 0x0000000711800000, 0x0000000711a00000|  0%| F|  |TAMS 0x0000000711800000, 0x0000000711800000| Untracked 
|  76|0x0000000711a00000, 0x0000000711a00000, 0x0000000711c00000|  0%| F|  |TAMS 0x0000000711a00000, 0x0000000711a00000| Untracked 
|  77|0x0000000711c00000, 0x0000000711c00000, 0x0000000711e00000|  0%| F|  |TAMS 0x0000000711c00000, 0x0000000711c00000| Untracked 
|  78|0x0000000711e00000, 0x0000000711e00000, 0x0000000712000000|  0%| F|  |TAMS 0x0000000711e00000, 0x0000000711e00000| Untracked 
|  79|0x0000000712000000, 0x0000000712000000, 0x0000000712200000|  0%| F|  |TAMS 0x0000000712000000, 0x0000000712000000| Untracked 
|  80|0x0000000712200000, 0x0000000712200000, 0x0000000712400000|  0%| F|  |TAMS 0x0000000712200000, 0x0000000712200000| Untracked 
|  81|0x0000000712400000, 0x0000000712400000, 0x0000000712600000|  0%| F|  |TAMS 0x0000000712400000, 0x0000000712400000| Untracked 
|  82|0x0000000712600000, 0x0000000712600000, 0x0000000712800000|  0%| F|  |TAMS 0x0000000712600000, 0x0000000712600000| Untracked 
|  83|0x0000000712800000, 0x0000000712800000, 0x0000000712a00000|  0%| F|  |TAMS 0x0000000712800000, 0x0000000712800000| Untracked 
|  84|0x0000000712a00000, 0x0000000712a00000, 0x0000000712c00000|  0%| F|  |TAMS 0x0000000712a00000, 0x0000000712a00000| Untracked 
|  85|0x0000000712c00000, 0x0000000712c00000, 0x0000000712e00000|  0%| F|  |TAMS 0x0000000712c00000, 0x0000000712c00000| Untracked 
|  86|0x0000000712e00000, 0x0000000712e00000, 0x0000000713000000|  0%| F|  |TAMS 0x0000000712e00000, 0x0000000712e00000| Untracked 
|  87|0x0000000713000000, 0x0000000713000000, 0x0000000713200000|  0%| F|  |TAMS 0x0000000713000000, 0x0000000713000000| Untracked 
|  88|0x0000000713200000, 0x0000000713200000, 0x0000000713400000|  0%| F|  |TAMS 0x0000000713200000, 0x0000000713200000| Untracked 
|  89|0x0000000713400000, 0x0000000713400000, 0x0000000713600000|  0%| F|  |TAMS 0x0000000713400000, 0x0000000713400000| Untracked 
|  90|0x0000000713600000, 0x0000000713600000, 0x0000000713800000|  0%| F|  |TAMS 0x0000000713600000, 0x0000000713600000| Untracked 
|  91|0x0000000713800000, 0x0000000713800000, 0x0000000713a00000|  0%| F|  |TAMS 0x0000000713800000, 0x0000000713800000| Untracked 
|  92|0x0000000713a00000, 0x0000000713a00000, 0x0000000713c00000|  0%| F|  |TAMS 0x0000000713a00000, 0x0000000713a00000| Untracked 
|  93|0x0000000713c00000, 0x0000000713c00000, 0x0000000713e00000|  0%| F|  |TAMS 0x0000000713c00000, 0x0000000713c00000| Untracked 
|  94|0x0000000713e00000, 0x0000000713e00000, 0x0000000714000000|  0%| F|  |TAMS 0x0000000713e00000, 0x0000000713e00000| Untracked 
|  95|0x0000000714000000, 0x0000000714000000, 0x0000000714200000|  0%| F|  |TAMS 0x0000000714000000, 0x0000000714000000| Untracked 
|  96|0x0000000714200000, 0x0000000714200000, 0x0000000714400000|  0%| F|  |TAMS 0x0000000714200000, 0x0000000714200000| Untracked 
|  97|0x0000000714400000, 0x0000000714400000, 0x0000000714600000|  0%| F|  |TAMS 0x0000000714400000, 0x0000000714400000| Untracked 
|  98|0x0000000714600000, 0x0000000714600000, 0x0000000714800000|  0%| F|  |TAMS 0x0000000714600000, 0x0000000714600000| Untracked 
|  99|0x0000000714800000, 0x0000000714800000, 0x0000000714a00000|  0%| F|  |TAMS 0x0000000714800000, 0x0000000714800000| Untracked 
| 100|0x0000000714a00000, 0x0000000714a00000, 0x0000000714c00000|  0%| F|  |TAMS 0x0000000714a00000, 0x0000000714a00000| Untracked 
| 101|0x0000000714c00000, 0x0000000714c00000, 0x0000000714e00000|  0%| F|  |TAMS 0x0000000714c00000, 0x0000000714c00000| Untracked 
| 102|0x0000000714e00000, 0x0000000714e00000, 0x0000000715000000|  0%| F|  |TAMS 0x0000000714e00000, 0x0000000714e00000| Untracked 
| 103|0x0000000715000000, 0x0000000715000000, 0x0000000715200000|  0%| F|  |TAMS 0x0000000715000000, 0x0000000715000000| Untracked 
| 104|0x0000000715200000, 0x0000000715200000, 0x0000000715400000|  0%| F|  |TAMS 0x0000000715200000, 0x0000000715200000| Untracked 
| 105|0x0000000715400000, 0x0000000715400000, 0x0000000715600000|  0%| F|  |TAMS 0x0000000715400000, 0x0000000715400000| Untracked 
| 106|0x0000000715600000, 0x0000000715600000, 0x0000000715800000|  0%| F|  |TAMS 0x0000000715600000, 0x0000000715600000| Untracked 
| 107|0x0000000715800000, 0x0000000715800000, 0x0000000715a00000|  0%| F|  |TAMS 0x0000000715800000, 0x0000000715800000| Untracked 
| 108|0x0000000715a00000, 0x0000000715a00000, 0x0000000715c00000|  0%| F|  |TAMS 0x0000000715a00000, 0x0000000715a00000| Untracked 
| 109|0x0000000715c00000, 0x0000000715c00000, 0x0000000715e00000|  0%| F|  |TAMS 0x0000000715c00000, 0x0000000715c00000| Untracked 
| 110|0x0000000715e00000, 0x0000000715e00000, 0x0000000716000000|  0%| F|  |TAMS 0x0000000715e00000, 0x0000000715e00000| Untracked 
| 111|0x0000000716000000, 0x0000000716000000, 0x0000000716200000|  0%| F|  |TAMS 0x0000000716000000, 0x0000000716000000| Untracked 
| 112|0x0000000716200000, 0x0000000716200000, 0x0000000716400000|  0%| F|  |TAMS 0x0000000716200000, 0x0000000716200000| Untracked 
| 113|0x0000000716400000, 0x0000000716400000, 0x0000000716600000|  0%| F|  |TAMS 0x0000000716400000, 0x0000000716400000| Untracked 
| 114|0x0000000716600000, 0x0000000716600000, 0x0000000716800000|  0%| F|  |TAMS 0x0000000716600000, 0x0000000716600000| Untracked 
| 115|0x0000000716800000, 0x0000000716800000, 0x0000000716a00000|  0%| F|  |TAMS 0x0000000716800000, 0x0000000716800000| Untracked 
| 116|0x0000000716a00000, 0x0000000716a00000, 0x0000000716c00000|  0%| F|  |TAMS 0x0000000716a00000, 0x0000000716a00000| Untracked 
| 117|0x0000000716c00000, 0x0000000716c00000, 0x0000000716e00000|  0%| F|  |TAMS 0x0000000716c00000, 0x0000000716c00000| Untracked 
| 118|0x0000000716e00000, 0x0000000716e00000, 0x0000000717000000|  0%| F|  |TAMS 0x0000000716e00000, 0x0000000716e00000| Untracked 
| 119|0x0000000717000000, 0x0000000717000000, 0x0000000717200000|  0%| F|  |TAMS 0x0000000717000000, 0x0000000717000000| Untracked 
| 120|0x0000000717200000, 0x0000000717200000, 0x0000000717400000|  0%| F|  |TAMS 0x0000000717200000, 0x0000000717200000| Untracked 
| 121|0x0000000717400000, 0x0000000717400000, 0x0000000717600000|  0%| F|  |TAMS 0x0000000717400000, 0x0000000717400000| Untracked 
| 122|0x0000000717600000, 0x0000000717600000, 0x0000000717800000|  0%| F|  |TAMS 0x0000000717600000, 0x0000000717600000| Untracked 
| 123|0x0000000717800000, 0x00000007179c2a60, 0x0000000717a00000| 88%| E|  |TAMS 0x0000000717800000, 0x0000000717800000| Complete 

Card table byte_map: [0x00007fce9d055000,0x00007fce9d814000] _byte_map_base: 0x00007fce99814000

Marking Bits (Prev, Next): (CMBitMap*) 0x000055cd6f7ecb40, (CMBitMap*) 0x000055cd6f7ecb80
 Prev Bits: [0x00007fce98a9e000, 0x00007fce9c896000)
 Next Bits: [0x00007fce94ca6000, 0x00007fce98a9e000)

Polling page: 0x00007fceb5b63000

Metaspace:

Usage:
  Non-class:      3,11 MB used.
      Class:    270,12 KB used.
       Both:      3,37 MB used.

Virtual space:
  Non-class space:        8,00 MB reserved,       3,12 MB ( 39%) committed,  1 nodes.
      Class space:        1,00 GB reserved,     320,00 KB ( <1%) committed,  1 nodes.
             Both:        1,01 GB reserved,       3,44 MB ( <1%) committed. 

Chunk freelists:
   Non-Class:  0 bytes
       Class:  3,62 MB
        Both:  3,62 MB

MaxMetaspaceSize: unlimited
CompressedClassSpaceSize: 1,00 GB
Initial GC threshold: 21,00 MB
Current GC threshold: 21,00 MB
CDS: off
MetaspaceReclaimPolicy: balanced
 - commit_granule_bytes: 65536.
 - commit_granule_words: 8192.
 - virtual_space_node_default_size: 1048576.
 - enlarge_chunks_in_place: 1.
 - new_chunks_are_fully_committed: 0.
 - uncommit_free_chunks: 1.
 - use_allocation_guard: 0.
 - handle_deallocations: 1.


Internal statistics:

num_allocs_failed_limit: 0.
num_arena_births: 2.
num_arena_deaths: 0.
num_vsnodes_births: 2.
num_vsnodes_deaths: 0.
num_space_committed: 55.
num_space_uncommitted: 0.
num_chunks_returned_to_freelist: 0.
num_chunks_taken_from_freelist: 4.
num_chunk_merges: 0.
num_chunk_splits: 1.
num_chunks_enlarged: 0.
num_purges: 0.
num_inconsistent_stats: 0.

CodeHeap 'non-profiled nmethods': size=120028Kb used=13Kb max_used=13Kb free=120014Kb
 bounds [0x00007fcea667c000, 0x00007fcea68ec000, 0x00007fceadbb3000]
CodeHeap 'profiled nmethods': size=120028Kb used=77Kb max_used=77Kb free=119950Kb
 bounds [0x00007fce9f145000, 0x00007fce9f3b5000, 0x00007fcea667c000]
CodeHeap 'non-nmethods': size=5704Kb used=1023Kb max_used=1037Kb free=4680Kb
 bounds [0x00007fce9ebb3000, 0x00007fce9ee23000, 0x00007fce9f145000]
 total_blobs=338 nmethods=60 adapters=192
 compilation: enabled
              stopped_count=0, restarted_count=0
 full_count=0

Compilation events (20 events):
Event: 0,067 Thread 0x000055cd6f978cb0   54       3       java.util.HashMap::afterNodeInsertion (1 bytes)
Event: 0,067 Thread 0x000055cd6f978cb0 nmethod 54 0x00007fce9f156910 code [0x00007fce9f156aa0, 0x00007fce9f156bb0]
Event: 0,067 Thread 0x000055cd6f978cb0   57       3       java.util.HashMap::getNode (150 bytes)
Event: 0,067 Thread 0x000055cd6f978cb0 nmethod 57 0x00007fce9f156c10 code [0x00007fce9f156e60, 0x00007fce9f157a50]
Event: 0,067 Thread 0x000055cd6f978cb0   55       3       java.util.HashMap::put (13 bytes)
Event: 0,068 Thread 0x000055cd6f978cb0 nmethod 55 0x00007fce9f157d10 code [0x00007fce9f157ee0, 0x00007fce9f1581d0]
Event: 0,068 Thread 0x000055cd6f978cb0   58       3       java.util.HashMap::get (19 bytes)
Event: 0,068 Thread 0x000055cd6f978cb0 nmethod 58 0x00007fce9f158310 code [0x00007fce9f1584c0, 0x00007fce9f158680]
Event: 0,068 Thread 0x000055cd6f978cb0   47       1       java.lang.module.ResolvedModule::reference (5 bytes)
Event: 0,068 Thread 0x000055cd6f978cb0 nmethod 47 0x00007fcea667e310 code [0x00007fcea667e4a0, 0x00007fcea667e570]
Event: 0,068 Thread 0x000055cd6f978cb0   51       1       java.lang.module.ModuleDescriptor$Exports::source (5 bytes)
Event: 0,068 Thread 0x000055cd6f978cb0 nmethod 51 0x00007fcea667e610 code [0x00007fcea667e7a0, 0x00007fcea667e870]
Event: 0,068 Thread 0x000055cd6f978cb0   50       1       java.lang.module.ModuleDescriptor::isAutomatic (5 bytes)
Event: 0,068 Thread 0x000055cd6f978cb0 nmethod 50 0x00007fcea667e910 code [0x00007fcea667eaa0, 0x00007fcea667eb70]
Event: 0,068 Thread 0x000055cd6f978cb0   60       1       java.util.ImmutableCollections$Set12::isEmpty (2 bytes)
Event: 0,068 Thread 0x000055cd6f978cb0 nmethod 60 0x00007fcea667ec10 code [0x00007fcea667eda0, 0x00007fcea667ee70]
Event: 0,068 Thread 0x000055cd6f978cb0   59       1       java.lang.module.ResolvedModule::configuration (5 bytes)
Event: 0,068 Thread 0x000055cd6f978cb0 nmethod 59 0x00007fcea667ef10 code [0x00007fcea667f0a0, 0x00007fcea667f170]
Event: 0,068 Thread 0x000055cd6f978cb0   56       1       java.lang.module.ModuleDescriptor$Exports::targets (5 bytes)
Event: 0,068 Thread 0x000055cd6f978cb0 nmethod 56 0x00007fcea667f210 code [0x00007fcea667f3a0, 0x00007fcea667f470]

GC Heap History (0 events):
No events

Deoptimization events (0 events):
No events

Classes unloaded (0 events):
No events

Classes redefined (0 events):
No events

Internal exceptions (1 events):
Event: 0,069 Thread 0x000055cd6f7804d0 Exception <a 'java/lang/NoClassDefFoundError'{0x0000000717960030}: exo1> (0x0000000717960030) 
thrown [src/hotspot/share/classfile/systemDictionary.cpp, line 245]

VM Operations (0 events):
No events

Events (20 events):
Event: 0,068 Thread 0x000055cd6fa0ae20 Thread added: 0x000055cd6fa0ae20
Event: 0,068 loading class jdk/internal/vm/PostVMInitHook
Event: 0,068 loading class jdk/internal/vm/PostVMInitHook done
Event: 0,068 Protecting memory [0x00007fce84616000,0x00007fce8461a000] with protection modes 0
Event: 0,068 loading class sun/net/util/URLUtil
Event: 0,068 loading class sun/net/util/URLUtil done
Event: 0,068 loading class java/util/Locale
Event: 0,069 loading class java/util/Locale done
Event: 0,069 loading class sun/util/locale/BaseLocale
Event: 0,069 loading class sun/util/locale/BaseLocale done
Event: 0,069 loading class sun/util/locale/LocaleUtils
Event: 0,069 loading class sun/util/locale/LocaleUtils done
Event: 0,069 loading class jdk/internal/loader/URLClassPath$3
Event: 0,069 loading class java/security/PrivilegedExceptionAction
Event: 0,069 loading class java/security/PrivilegedExceptionAction done
Event: 0,069 loading class jdk/internal/loader/URLClassPath$3 done
Event: 0,069 loading class jdk/internal/loader/URLClassPath$FileLoader
Event: 0,069 loading class jdk/internal/loader/URLClassPath$Loader
Event: 0,069 loading class jdk/internal/loader/URLClassPath$Loader done
Event: 0,069 loading class jdk/internal/loader/URLClassPath$FileLoader done


Dynamic libraries:
708200000-717a00000 rw-p 00000000 00:00 0 
717a00000-800020000 ---p 00000000 00:00 0 
800020000-800030000 rw-p 00000000 00:00 0 
800030000-800040000 ---p 00000000 00:00 0 
800040000-800080000 rw-p 00000000 00:00 0 
800080000-840000000 ---p 00000000 00:00 0 
55cd6e214000-55cd6e215000 r--p 00000000 103:05 2497085                   /home/robin/Documents/Polytech/S6/OS/TD10/td10/sourour.exe
55cd6e215000-55cd6e216000 r-xp 00001000 103:05 2497085                   /home/robin/Documents/Polytech/S6/OS/TD10/td10/sourour.exe
55cd6e216000-55cd6e217000 r--p 00002000 103:05 2497085                   /home/robin/Documents/Polytech/S6/OS/TD10/td10/sourour.exe
55cd6e217000-55cd6e218000 r--p 00002000 103:05 2497085                   /home/robin/Documents/Polytech/S6/OS/TD10/td10/sourour.exe
55cd6e218000-55cd6e219000 rw-p 00003000 103:05 2497085                   /home/robin/Documents/Polytech/S6/OS/TD10/td10/sourour.exe
55cd6f75a000-55cd6fa57000 rw-p 00000000 00:00 0                          [heap]
7fce50000000-7fce50021000 rw-p 00000000 00:00 0 
7fce50021000-7fce54000000 ---p 00000000 00:00 0 
7fce54000000-7fce54021000 rw-p 00000000 00:00 0 
7fce54021000-7fce58000000 ---p 00000000 00:00 0 
7fce58000000-7fce58066000 rw-p 00000000 00:00 0 
7fce58066000-7fce5c000000 ---p 00000000 00:00 0 
7fce5c000000-7fce5c021000 rw-p 00000000 00:00 0 
7fce5c021000-7fce60000000 ---p 00000000 00:00 0 
7fce60000000-7fce60021000 rw-p 00000000 00:00 0 
7fce60021000-7fce64000000 ---p 00000000 00:00 0 
7fce64000000-7fce6407f000 rw-p 00000000 00:00 0 
7fce6407f000-7fce68000000 ---p 00000000 00:00 0 
7fce68000000-7fce68021000 rw-p 00000000 00:00 0 
7fce68021000-7fce6c000000 ---p 00000000 00:00 0 
7fce6c000000-7fce6c021000 rw-p 00000000 00:00 0 
7fce6c021000-7fce70000000 ---p 00000000 00:00 0 
7fce70000000-7fce70021000 rw-p 00000000 00:00 0 
7fce70021000-7fce74000000 ---p 00000000 00:00 0 
7fce74000000-7fce74021000 rw-p 00000000 00:00 0 
7fce74021000-7fce78000000 ---p 00000000 00:00 0 
7fce78000000-7fce78021000 rw-p 00000000 00:00 0 
7fce78021000-7fce7c000000 ---p 00000000 00:00 0 
7fce7c000000-7fce7c021000 rw-p 00000000 00:00 0 
7fce7c021000-7fce80000000 ---p 00000000 00:00 0 
7fce80000000-7fce80021000 rw-p 00000000 00:00 0 
7fce80021000-7fce84000000 ---p 00000000 00:00 0 
7fce84514000-7fce84515000 ---p 00000000 00:00 0 
7fce84515000-7fce84616000 rw-p 00000000 00:00 0 
7fce84616000-7fce8461a000 ---p 00000000 00:00 0 
7fce8461a000-7fce84716000 rw-p 00000000 00:00 0 
7fce84716000-7fce8471a000 ---p 00000000 00:00 0 
7fce8471a000-7fce84816000 rw-p 00000000 00:00 0 
7fce84816000-7fce8481a000 ---p 00000000 00:00 0 
7fce8481a000-7fce84916000 rw-p 00000000 00:00 0 
7fce84916000-7fce8491a000 ---p 00000000 00:00 0 
7fce8491a000-7fce84a16000 rw-p 00000000 00:00 0 
7fce84a16000-7fce84a1a000 ---p 00000000 00:00 0 
7fce84a1a000-7fce84b16000 rw-p 00000000 00:00 0 
7fce84b16000-7fce84b1a000 ---p 00000000 00:00 0 
7fce84b1a000-7fce84c16000 rw-p 00000000 00:00 0 
7fce84c16000-7fce84c1a000 ---p 00000000 00:00 0 
7fce84c1a000-7fce84d16000 rw-p 00000000 00:00 0 
7fce84d16000-7fce85000000 r--p 00000000 103:05 7620481                   /usr/lib/locale/locale-archive
7fce85000000-7fce85320000 rw-p 00000000 00:00 0 
7fce85320000-7fce85800000 ---p 00000000 00:00 0 
7fce8580b000-7fce8580f000 ---p 00000000 00:00 0 
7fce8580f000-7fce8590b000 rw-p 00000000 00:00 0 
7fce8590b000-7fce8590f000 ---p 00000000 00:00 0 
7fce8590f000-7fce85a0b000 rw-p 00000000 00:00 0 
7fce85a0b000-7fce85a0c000 ---p 00000000 00:00 0 
7fce85a0c000-7fce85b0d000 rw-p 00000000 00:00 0 
7fce85b0d000-7fce85b12000 r--p 00000000 103:05 7749340                   /usr/lib/jvm/java-17-openjdk/lib/libjsvml.so
7fce85b12000-7fce85b53000 r-xp 00005000 103:05 7749340                   /usr/lib/jvm/java-17-openjdk/lib/libjsvml.so
7fce85b53000-7fce85bdc000 r--p 00046000 103:05 7749340                   /usr/lib/jvm/java-17-openjdk/lib/libjsvml.so
7fce85bdc000-7fce85bdd000 r--p 000ce000 103:05 7749340                   /usr/lib/jvm/java-17-openjdk/lib/libjsvml.so
7fce85bdd000-7fce85bde000 rw-p 000cf000 103:05 7749340                   /usr/lib/jvm/java-17-openjdk/lib/libjsvml.so
7fce85bde000-7fce85cfb000 rw-p 00000000 00:00 0 
7fce85cfb000-7fce85cfc000 ---p 00000000 00:00 0 
7fce85cfc000-7fce85dfd000 rw-p 00000000 00:00 0 
7fce85dfd000-7fce85dfe000 ---p 00000000 00:00 0 
7fce85dfe000-7fce88000000 rw-p 00000000 00:00 0 
7fce88000000-7fce88021000 rw-p 00000000 00:00 0 
7fce88021000-7fce8c000000 ---p 00000000 00:00 0 
7fce8c000000-7fce8c021000 rw-p 00000000 00:00 0 
7fce8c021000-7fce90000000 ---p 00000000 00:00 0 
7fce90000000-7fce90021000 rw-p 00000000 00:00 0 
7fce90021000-7fce94000000 ---p 00000000 00:00 0 
7fce94017000-7fce94920000 rw-p 00000000 00:00 0 
7fce94920000-7fce94921000 ---p 00000000 00:00 0 
7fce94921000-7fce94a22000 rw-p 00000000 00:00 0 
7fce94a22000-7fce94a23000 ---p 00000000 00:00 0 
7fce94a23000-7fce94b24000 rw-p 00000000 00:00 0 
7fce94b24000-7fce94b25000 ---p 00000000 00:00 0 
7fce94b25000-7fce95086000 rw-p 00000000 00:00 0 
7fce95086000-7fce98a9e000 ---p 00000000 00:00 0 
7fce98a9e000-7fce98e7e000 rw-p 00000000 00:00 0 
7fce98e7e000-7fce9c896000 ---p 00000000 00:00 0 
7fce9c896000-7fce9c912000 rw-p 00000000 00:00 0 
7fce9c912000-7fce9d055000 ---p 00000000 00:00 0 
7fce9d055000-7fce9d0d1000 rw-p 00000000 00:00 0 
7fce9d0d1000-7fce9d814000 ---p 00000000 00:00 0 
7fce9d814000-7fce9d890000 rw-p 00000000 00:00 0 
7fce9d890000-7fce9dfd3000 ---p 00000000 00:00 0 
7fce9dfd3000-7fce9e9e2000 rw-p 00000000 00:00 0 
7fce9e9e2000-7fce9eac8000 ---p 00000000 00:00 0 
7fce9eac8000-7fce9eacd000 rw-p 00000000 00:00 0 
7fce9eacd000-7fce9ebb3000 ---p 00000000 00:00 0 
7fce9ebb3000-7fce9ee23000 rwxp 00000000 00:00 0 
7fce9ee23000-7fce9f145000 ---p 00000000 00:00 0 
7fce9f145000-7fce9f3b5000 rwxp 00000000 00:00 0 
7fce9f3b5000-7fcea667c000 ---p 00000000 00:00 0 
7fcea667c000-7fcea68ec000 rwxp 00000000 00:00 0 
7fcea68ec000-7fceadbb3000 ---p 00000000 00:00 0 
7fceadbb3000-7fceadbbf000 r--p 00000000 103:05 7749329                   /usr/lib/jvm/java-17-openjdk/lib/libjava.so
7fceadbbf000-7fceadbd1000 r-xp 0000c000 103:05 7749329                   /usr/lib/jvm/java-17-openjdk/lib/libjava.so
7fceadbd1000-7fceadbd7000 r--p 0001e000 103:05 7749329                   /usr/lib/jvm/java-17-openjdk/lib/libjava.so
7fceadbd7000-7fceadbd8000 r--p 00023000 103:05 7749329                   /usr/lib/jvm/java-17-openjdk/lib/libjava.so
7fceadbd8000-7fceadbd9000 rw-p 00024000 103:05 7749329                   /usr/lib/jvm/java-17-openjdk/lib/libjava.so
7fceadbd9000-7fceadbda000 rw-p 00000000 00:00 0 
7fceadbda000-7fceb5611000 r--s 00000000 103:05 7749367                   /usr/lib/jvm/java-17-openjdk/lib/modules
7fceb5611000-7fceb5616000 rw-p 00000000 00:00 0 
7fceb5616000-7fceb5642000 r--p 00000000 103:05 7605627                   /usr/lib/libc.so.6
7fceb5642000-7fceb57b8000 r-xp 0002c000 103:05 7605627                   /usr/lib/libc.so.6
7fceb57b8000-7fceb580c000 r--p 001a2000 103:05 7605627                   /usr/lib/libc.so.6
7fceb580c000-7fceb580d000 ---p 001f6000 103:05 7605627                   /usr/lib/libc.so.6
7fceb580d000-7fceb5810000 r--p 001f6000 103:05 7605627                   /usr/lib/libc.so.6
7fceb5810000-7fceb5813000 rw-p 001f9000 103:05 7605627                   /usr/lib/libc.so.6
7fceb5813000-7fceb5820000 rw-p 00000000 00:00 0 
7fceb5820000-7fceb5823000 r--p 00000000 103:05 7606401                   /usr/lib/libgcc_s.so.1
7fceb5823000-7fceb5835000 r-xp 00003000 103:05 7606401                   /usr/lib/libgcc_s.so.1
7fceb5835000-7fceb5838000 r--p 00015000 103:05 7606401                   /usr/lib/libgcc_s.so.1
7fceb5838000-7fceb5839000 ---p 00018000 103:05 7606401                   /usr/lib/libgcc_s.so.1
7fceb5839000-7fceb583a000 r--p 00018000 103:05 7606401                   /usr/lib/libgcc_s.so.1
7fceb583a000-7fceb583b000 rw-p 00019000 103:05 7606401                   /usr/lib/libgcc_s.so.1
7fceb583b000-7fceb584b000 r--p 00000000 103:05 7605639                   /usr/lib/libm.so.6
7fceb584b000-7fceb58c5000 r-xp 00010000 103:05 7605639                   /usr/lib/libm.so.6
7fceb58c5000-7fceb5921000 r--p 0008a000 103:05 7605639                   /usr/lib/libm.so.6
7fceb5921000-7fceb5922000 r--p 000e5000 103:05 7605639                   /usr/lib/libm.so.6
7fceb5922000-7fceb5923000 rw-p 000e6000 103:05 7605639                   /usr/lib/libm.so.6
7fceb5923000-7fceb59bc000 r--p 00000000 103:05 7606433                   /usr/lib/libstdc++.so.6.0.29
7fceb59bc000-7fceb5ac5000 r-xp 00099000 103:05 7606433                   /usr/lib/libstdc++.so.6.0.29
7fceb5ac5000-7fceb5b37000 r--p 001a2000 103:05 7606433                   /usr/lib/libstdc++.so.6.0.29
7fceb5b37000-7fceb5b38000 ---p 00214000 103:05 7606433                   /usr/lib/libstdc++.so.6.0.29
7fceb5b38000-7fceb5b45000 r--p 00214000 103:05 7606433                   /usr/lib/libstdc++.so.6.0.29
7fceb5b45000-7fceb5b46000 rw-p 00221000 103:05 7606433                   /usr/lib/libstdc++.so.6.0.29
7fceb5b46000-7fceb5b49000 rw-p 00000000 00:00 0 
7fceb5b4f000-7fceb5b54000 rw-p 00000000 00:00 0 
7fceb5b54000-7fceb5b5b000 ---p 00000000 00:00 0 
7fceb5b5b000-7fceb5b63000 rw-s 00000000 00:21 3786                       /tmp/hsperfdata_robin/96926
7fceb5b63000-7fceb5b64000 ---p 00000000 00:00 0 
7fceb5b64000-7fceb5b65000 r--p 00000000 00:00 0 
7fceb5b65000-7fceb5b67000 r--p 00000000 103:05 7749334                   /usr/lib/jvm/java-17-openjdk/lib/libjimage.so
7fceb5b67000-7fceb5b6a000 r-xp 00002000 103:05 7749334                   /usr/lib/jvm/java-17-openjdk/lib/libjimage.so
7fceb5b6a000-7fceb5b6b000 r--p 00005000 103:05 7749334                   /usr/lib/jvm/java-17-openjdk/lib/libjimage.so
7fceb5b6b000-7fceb5b6c000 ---p 00006000 103:05 7749334                   /usr/lib/jvm/java-17-openjdk/lib/libjimage.so
7fceb5b6c000-7fceb5b6d000 r--p 00006000 103:05 7749334                   /usr/lib/jvm/java-17-openjdk/lib/libjimage.so
7fceb5b6d000-7fceb5b6e000 rw-p 00007000 103:05 7749334                   /usr/lib/jvm/java-17-openjdk/lib/libjimage.so
7fceb5b6e000-7fceb5dbe000 r--p 00000000 103:05 7749380                   /usr/lib/jvm/java-17-openjdk/lib/server/libjvm.so
7fceb5dbe000-7fceb6b0c000 r-xp 00250000 103:05 7749380                   /usr/lib/jvm/java-17-openjdk/lib/server/libjvm.so
7fceb6b0c000-7fceb6d8c000 r--p 00f9e000 103:05 7749380                   /usr/lib/jvm/java-17-openjdk/lib/server/libjvm.so
7fceb6d8c000-7fceb6d8d000 ---p 0121e000 103:05 7749380                   /usr/lib/jvm/java-17-openjdk/lib/server/libjvm.so
7fceb6d8d000-7fceb6e45000 r--p 0121e000 103:05 7749380                   /usr/lib/jvm/java-17-openjdk/lib/server/libjvm.so
7fceb6e45000-7fceb6e79000 rw-p 012d6000 103:05 7749380                   /usr/lib/jvm/java-17-openjdk/lib/server/libjvm.so
7fceb6e79000-7fceb6ed5000 rw-p 00000000 00:00 0 
7fceb6ed5000-7fceb6ed7000 r--p 00000000 103:05 7605617                   /usr/lib/ld-linux-x86-64.so.2
7fceb6ed7000-7fceb6efe000 r-xp 00002000 103:05 7605617                   /usr/lib/ld-linux-x86-64.so.2
7fceb6efe000-7fceb6f09000 r--p 00029000 103:05 7605617                   /usr/lib/ld-linux-x86-64.so.2
7fceb6f09000-7fceb6f0a000 ---p 00000000 00:00 0 
7fceb6f0a000-7fceb6f0c000 r--p 00034000 103:05 7605617                   /usr/lib/ld-linux-x86-64.so.2
7fceb6f0c000-7fceb6f0e000 rw-p 00036000 103:05 7605617                   /usr/lib/ld-linux-x86-64.so.2
7ffd5e9f2000-7ffd5e9f6000 ---p 00000000 00:00 0 
7ffd5e9f6000-7ffd5eaf2000 rw-p 00000000 00:00 0                          [stack]
7ffd5eb59000-7ffd5eb5d000 r--p 00000000 00:00 0                          [vvar]
7ffd5eb5d000-7ffd5eb5f000 r-xp 00000000 00:00 0                          [vdso]
ffffffffff600000-ffffffffff601000 --xp 00000000 00:00 0                  [vsyscall]


VM Arguments:
java_command: <unknown>
java_class_path (initial): .
Launcher Type: generic

[Global flags]
     intx CICompilerCount                          = 4                                         {product} {ergonomic}
     uint ConcGCThreads                            = 3                                         {product} {ergonomic}
     uint G1ConcRefinementThreads                  = 10                                        {product} {ergonomic}
   size_t G1HeapRegionSize                         = 2097152                                   {product} {ergonomic}
    uintx GCDrainStackTargetSize                   = 64                                        {product} {ergonomic}
   size_t InitialHeapSize                          = 260046848                                 {product} {ergonomic}
   size_t MarkStackSize                            = 4194304                                   {product} {ergonomic}
   size_t MaxHeapSize                              = 4158652416                                {product} {ergonomic}
   size_t MaxNewSize                               = 2493513728                                {product} {ergonomic}
   size_t MinHeapDeltaBytes                        = 2097152                                   {product} {ergonomic}
   size_t MinHeapSize                              = 8388608                                   {product} {ergonomic}
    uintx NonNMethodCodeHeapSize                   = 5839372                                {pd product} {ergonomic}
    uintx NonProfiledCodeHeapSize                  = 122909434                              {pd product} {ergonomic}
    uintx ProfiledCodeHeapSize                     = 122909434                              {pd product} {ergonomic}
    uintx ReservedCodeCacheSize                    = 251658240                              {pd product} {ergonomic}
     bool SegmentedCodeCache                       = true                                      {product} {ergonomic}
   size_t SoftMaxHeapSize                          = 4158652416                             {manageable} {ergonomic}
     bool UseCompressedClassPointers               = true                           {product lp64_product} {ergonomic}
     bool UseCompressedOops                        = true                           {product lp64_product} {ergonomic}
     bool UseG1GC                                  = true                                      {product} {ergonomic}

Logging:
Log output configuration:
 #0: stdout all=warning uptime,level,tags
 #1: stderr all=off uptime,level,tags

Environment Variables:
PATH=/usr/local/sbin:/usr/local/bin:/usr/bin:/home/robin/.dotnet/tools:/usr/lib/jvm/default/bin:/usr/bin/site_perl:/usr/bin/vendor_perl:/usr/bin/core_perl
LD_LIBRARY_PATH=/usr/lib/jvm/java-17-openjdk/lib/server
SHELL=/bin/zsh
DISPLAY=:0
LANG=fr_FR.UTF-8

Signal Handlers:
   SIGSEGV: 0x00007fceb6a88eb0 in libjvm.so+15838896, mask=11100100010111111101111111111110, flags=SA_RESTART|SA_SIGINFO
    SIGBUS: 0x00007fceb6a88eb0 in libjvm.so+15838896, mask=11100100010111111101111111111110, flags=SA_RESTART|SA_SIGINFO
    SIGFPE: 0x00007fceb6a88eb0 in libjvm.so+15838896, mask=11100100010111111101111111111110, flags=SA_RESTART|SA_SIGINFO
   SIGPIPE: 0x00007fceb6927d00 in libjvm.so+14392576, mask=11100100010111111101111111111110, flags=SA_RESTART|SA_SIGINFO
   SIGXFSZ: 0x00007fceb6927d00 in libjvm.so+14392576, mask=11100100010111111101111111111110, flags=SA_RESTART|SA_SIGINFO
    SIGILL: 0x00007fceb6a88eb0 in libjvm.so+15838896, mask=11100100010111111101111111111110, flags=SA_RESTART|SA_SIGINFO
   SIGUSR2: 0x00007fceb6927330 in libjvm.so+14390064, mask=00000000000000000000000000000000, flags=SA_RESTART|SA_SIGINFO
    SIGHUP: 0x00007fceb6927250 in libjvm.so+14389840, mask=11100100010111111101111111111110, flags=SA_RESTART|SA_SIGINFO
    SIGINT: 0x00007fceb6927250 in libjvm.so+14389840, mask=11100100010111111101111111111110, flags=SA_RESTART|SA_SIGINFO
   SIGTERM: 0x00007fceb6927250 in libjvm.so+14389840, mask=11100100010111111101111111111110, flags=SA_RESTART|SA_SIGINFO
   SIGQUIT: 0x00007fceb6927250 in libjvm.so+14389840, mask=11100100010111111101111111111110, flags=SA_RESTART|SA_SIGINFO
  *** Handler was modified!
  *** Expected: 0x00007fceb6927d00 in libjvm.so+14392576, mask=11100100110111111111111111111110, flags=SA_RESTART|SA_SIGINFO
   SIGTRAP: 0x00007fceb6a88eb0 in libjvm.so+15838896, mask=11100100010111111101111111111110, flags=SA_RESTART|SA_SIGINFO


---------------  S Y S T E M  ---------------

OS:
DISTRIB_ID=EndeavourOS
DISTRIB_RELEASE="rolling"
DISTRIB_DESCRIPTION="EndeavourOS Linux"
DISTRIB_CODENAME=rolling
uname: Linux 5.17.3-arch1-1 #1 SMP PREEMPT Thu, 14 Apr 2022 01:18:36 +0000 x86_64
OS uptime: 0 days 5:12 hours
libc: glibc 2.35 NPTL 2.35 
rlimit (soft/hard): STACK 8192k/infinity , CORE infinity/infinity , NPROC 63348/63348 , NOFILE 524288/524288 , AS infinity/infinity , CPU infinity/infinity , DATA infinity/infinity , FSIZE infinity/infinity , MEMLOCK 1024k/1024k
load average: 1,16 1,65 1,64

/proc/meminfo:
MemTotal:       16238060 kB
MemFree:          268452 kB
MemAvailable:    5348104 kB
Buffers:          286756 kB
Cached:          6723028 kB
SwapCached:            0 kB
Active:          2807056 kB
Inactive:       10447492 kB
Active(anon):      86676 kB
Inactive(anon):  8323024 kB
Active(file):    2720380 kB
Inactive(file):  2124468 kB
Unevictable:     1657728 kB
Mlocked:             136 kB
SwapTotal:             0 kB
SwapFree:              0 kB
Dirty:                24 kB
Writeback:             0 kB
AnonPages:       7901852 kB
Mapped:          1361744 kB
Shmem:           2164932 kB
KReclaimable:     576288 kB
Slab:             762836 kB
SReclaimable:     576288 kB
SUnreclaim:       186548 kB
KernelStack:       28656 kB
PageTables:        84596 kB
NFS_Unstable:          0 kB
Bounce:                0 kB
WritebackTmp:          0 kB
CommitLimit:     8119028 kB
Committed_AS:   26373544 kB
VmallocTotal:   34359738367 kB
VmallocUsed:      102876 kB
VmallocChunk:          0 kB
Percpu:            11968 kB
HardwareCorrupted:     0 kB
AnonHugePages:         0 kB
ShmemHugePages:        0 kB
ShmemPmdMapped:        0 kB
FileHugePages:         0 kB
FilePmdMapped:         0 kB
CmaTotal:              0 kB
CmaFree:               0 kB
HugePages_Total:       0
HugePages_Free:        0
HugePages_Rsvd:        0
HugePages_Surp:        0
Hugepagesize:       2048 kB
Hugetlb:               0 kB
DirectMap4k:      549452 kB
DirectMap2M:    16082944 kB
DirectMap1G:           0 kB

/sys/kernel/mm/transparent_hugepage/enabled: always [madvise] never
/sys/kernel/mm/transparent_hugepage/defrag (defrag/compaction efforts parameter): always defer defer+madvise [madvise] never

Process Memory:
Virtual Size: 6795112K (peak: 6795112K)
Resident Set Size: 30972K (peak: 30972K) (anon: 12336K, file: 18604K, shmem: 32K)
Swapped out: 0K
C-Heap outstanding allocations: 3877K

/proc/sys/kernel/threads-max (system-wide limit on the number of threads): 126697
/proc/sys/vm/max_map_count (maximum number of memory map areas a process may have): 65530
/proc/sys/kernel/pid_max (system-wide limit on number of process identifiers): 4194304

container (cgroup) information:
container_type: cgroupv2
cpu_cpuset_cpus: not supported
cpu_memory_nodes: not supported
active_processor_count: 12
cpu_quota: not supported
cpu_period: not supported
cpu_shares: not supported
memory_limit_in_bytes: unlimited
memory_and_swap_limit_in_bytes: unlimited
memory_soft_limit_in_bytes: unlimited
memory_usage_in_bytes: 4637495296
memory_max_usage_in_bytes: not supported
maximum number of tasks: 19004
current number of tasks: 539

Steal ticks since vm start: 0
Steal ticks percentage since vm start:  0,000

CPU: total 12 (initial active 12) (6 cores per cpu, 2 threads per core) family 6 model 158 stepping 10 microcode 0xec, cx8, cmov, fxsr, ht, mmx, 3dnowpref, sse, sse2, sse3, ssse3, sse4.1, sse4.2, popcnt, lzcnt, tsc, tscinvbit, avx, avx2, aes, erms, clmul, bmi1, bmi2, adx, fma, vzeroupper, clflush, clflushopt
CPU Model and flags from /proc/cpuinfo:
model name	: Intel(R) Core(TM) i7-8750H CPU @ 2.20GHz
flags		: fpu vme de pse tsc msr pae mce cx8 apic sep mtrr pge mca cmov pat pse36 clflush dts acpi mmx fxsr sse sse2 ss ht tm pbe syscall nx pdpe1gb rdtscp lm constant_tsc art arch_perfmon pebs bts rep_good nopl xtopology nonstop_tsc cpuid aperfmperf pni pclmulqdq dtes64 monitor ds_cpl vmx est tm2 ssse3 sdbg fma cx16 xtpr pdcm pcid sse4_1 sse4_2 x2apic movbe popcnt tsc_deadline_timer aes xsave avx f16c rdrand lahf_lm abm 3dnowprefetch cpuid_fault epb invpcid_single pti ssbd ibrs ibpb stibp tpr_shadow vnmi flexpriority ept vpid ept_ad fsgsbase tsc_adjust bmi1 avx2 smep bmi2 erms invpcid mpx rdseed adx smap clflushopt intel_pt xsaveopt xsavec xgetbv1 xsaves dtherm ida arat pln pts hwp hwp_notify hwp_act_window hwp_epp md_clear flush_l1d arch_capabilities

Online cpus: 0-11
Offline cpus: 
BIOS frequency limitation: <Not Available>
Frequency switch latency (ns): 0
Available cpu frequencies: <Not Available>
Current governor: powersave
Core performance/turbo boost: <Not Available>

Memory: 4k page, physical 16238060k(260640k free), swap 0k(0k free)
Page Sizes: 4k

vm_info: OpenJDK 64-Bit Server VM (17.0.3+7) for linux-amd64 JRE (17.0.3+7), built on Apr 19 2022 23:35:40 by "builduser" with gcc 11.2.0

END.
